<?xml version="1.0" encoding="UTF-8" standalone="no"?>
<!DOCTYPE log SYSTEM "logger.dtd">
<log>
<record>
  <date>2022-04-26T19:43:46</date>
  <millis>1650991426128</millis>
  <sequence>0</sequence>
  <logger>global</logger>
  <level>INFO</level>
  <class>client.UserAuthorizeManager</class>
  <method>startRegister</method>
  <thread>1</thread>
  <message>Trying to register</message>
</record>
<record>
  <date>2022-04-26T19:43:55</date>
  <millis>1650991435588</millis>
  <sequence>1</sequence>
  <logger>global</logger>
  <level>INFO</level>
  <class>client.UserAuthorizeManager</class>
  <method>sendRegistrationToServer</method>
  <thread>1</thread>
  <message>Sending registration data to server</message>
</record>
<record>
  <date>2022-04-26T19:43:55</date>
  <millis>1650991435588</millis>
  <sequence>2</sequence>
  <logger>global</logger>
  <level>INFO</level>
  <class>client.UserAuthorizeManager</class>
  <method>sendRegistrationToServer</method>
  <thread>1</thread>
  <message>Get registration answer from server</message>
</record>
<record>
  <date>2022-04-26T19:43:55</date>
  <millis>1650991435619</millis>
  <sequence>3</sequence>
  <logger>global</logger>
  <level>INFO</level>
  <class>client.UserCommandManager</class>
  <method>startConsole</method>
  <thread>1</thread>
  <message>Start of execution</message>
</record>
<record>
  <date>2022-04-26T19:44:15</date>
  <millis>1650991455149</millis>
  <sequence>4</sequence>
  <logger>global</logger>
  <level>INFO</level>
  <class>client.UserCommandManager</class>
  <method>startConsole</method>
  <thread>1</thread>
  <message>Trying to execute add command</message>
</record>
<record>
  <date>2022-04-26T19:44:31</date>
  <millis>1650991471547</millis>
  <sequence>5</sequence>
  <logger>global</logger>
  <level>INFO</level>
  <class>client.ClientToServerSender</class>
  <method>sendCommandToServer</method>
  <thread>1</thread>
  <message>Sending command to server</message>
</record>
<record>
  <date>2022-04-26T19:44:31</date>
  <millis>1650991471593</millis>
  <sequence>6</sequence>
  <logger>global</logger>
  <level>INFO</level>
  <class>client.ClientToServerSender</class>
  <method>sendCommandToServer</method>
  <thread>1</thread>
  <message>Get command from server</message>
</record>
</log>
